2012-10-15 16:22:51 [INFO] [Multiverse-Core] - Version 2.4-b527 (API v14) Enabled - By Rigby, fernferret, lithium3141 and main--
2012-10-15 16:22:59 [INFO] [Multiverse-Core] Loading World & Settings - 'spawn' - Env: NORMAL - Type: FLAT & seed: -195301159007799535
2012-10-15 16:22:59 [WARNING] [Multiverse-Core] Spawn location from world.dat file was unsafe. Adjusting...
2012-10-15 16:23:00 [WARNING] [Multiverse-Core] Original Location: X: -26 Y: 4 Z: 129 P: 0 Y: 0 
2012-10-15 16:23:01 [INFO] [Multiverse-Core] New Spawn for 'spawn' is Located at: spawn:0.00,64.00,0.00:0.00:0.00
2012-10-15 16:23:04 [INFO] [Multiverse-Core] Loading World & Settings - 'spawn_nether' - Env: NETHER - Type: NORMAL & seed: 1756504504790818814
2012-10-15 16:23:04 [WARNING] [Multiverse-Core] Spawn location from world.dat file was unsafe. Adjusting...
2012-10-15 16:23:04 [WARNING] [Multiverse-Core] Original Location: X: 0 Y: 64 Z: 0 P: 0 Y: 0 
2012-10-15 16:23:05 [INFO] [Multiverse-Core] New Spawn for 'spawn_nether' is Located at: spawn_nether:8.50,66.00,6.50:0.00:0.00
2012-10-15 16:23:11 [INFO] [Multiverse-Core] Loading World & Settings - 'spawn_the_end' - Env: THE_END - Type: NORMAL & seed: 1756504504790818814
2012-10-15 16:23:11 [WARNING] [Multiverse-Core] Spawn location from world.dat file was unsafe. Adjusting...
2012-10-15 16:23:11 [WARNING] [Multiverse-Core] Original Location: X: 0 Y: 50 Z: 0 P: 0 Y: 0 
2012-10-15 16:23:12 [INFO] [Multiverse-Core] New Spawn for 'spawn_the_end' is Located at: spawn_the_end:0.00,66.00,0.00:0.00:0.00
2012-10-15 16:23:14 [INFO] [Multiverse-Core] Loading World & Settings - 'spawn' - Env: NORMAL - Type: FLAT & seed: -195301159007799535
2012-10-15 16:23:14 [INFO] [Multiverse-Core] Loading World & Settings - 'spawn_nether' - Env: NETHER - Type: NORMAL & seed: 1756504504790818814
2012-10-15 16:23:15 [INFO] [Multiverse-Core] Loading World & Settings - 'spawn_the_end' - Env: THE_END - Type: NORMAL & seed: 1756504504790818814
2012-10-15 16:23:15 [INFO] [Multiverse-Core] 3 - World(s) loaded.
2012-10-15 16:23:15 [WARNING] [Multiverse-Core] The world specified as the spawn world (world) did not exist!!
2012-10-15 16:28:58 [INFO] [Multiverse-Core] - Version 2.4-b527 (API v14) Enabled - By Rigby, fernferret, lithium3141 and main--
2012-10-15 16:28:59 [INFO] [Multiverse-Core] Loading World & Settings - 'spawn' - Env: NORMAL - Type: FLAT & seed: -195301159007799535
2012-10-15 16:28:59 [INFO] [Multiverse-Core] Loading World & Settings - 'spawn_nether' - Env: NETHER - Type: NORMAL & seed: 1756504504790818814
2012-10-15 16:28:59 [INFO] [Multiverse-Core] Loading World & Settings - 'spawn_the_end' - Env: THE_END - Type: NORMAL & seed: 1756504504790818814
2012-10-15 16:29:00 [INFO] [Multiverse-Core] 3 - World(s) loaded.
2012-10-15 16:44:40 [INFO] [Multiverse-Core] - Version 2.4-b527 (API v14) Enabled - By Rigby, fernferret, lithium3141 and main--
2012-10-15 16:44:41 [INFO] [Multiverse-Core] Loading World & Settings - 'spawn' - Env: NORMAL - Type: FLAT & seed: -195301159007799535
2012-10-15 16:44:41 [INFO] [Multiverse-Core] Loading World & Settings - 'spawn_nether' - Env: NETHER - Type: NORMAL & seed: 1756504504790818814
2012-10-15 16:44:41 [INFO] [Multiverse-Core] Loading World & Settings - 'spawn_the_end' - Env: THE_END - Type: NORMAL & seed: 1756504504790818814
2012-10-15 16:44:42 [INFO] [Multiverse-Core] 3 - World(s) loaded.
2012-10-15 16:49:37 [INFO] [Multiverse-Core] - Version 2.4-b527 (API v14) Enabled - By Rigby, fernferret, lithium3141 and main--
2012-10-15 16:49:38 [INFO] [Multiverse-Core] Loading World & Settings - 'spawn' - Env: NORMAL - Type: NORMAL & seed: 3850433055
2012-10-15 16:49:39 [WARNING] [Multiverse-Core] Spawn location from world.dat file was unsafe. Adjusting...
2012-10-15 16:49:39 [WARNING] [Multiverse-Core] Original Location: X: 14 Y: 74 Z: 37 P: 0 Y: 0 
2012-10-15 16:49:39 [INFO] [Multiverse-Core] New Spawn for 'spawn' is Located at: spawn:15.50,74.00,37.50:0.00:0.00
2012-10-15 16:49:39 [INFO] [Multiverse-Core] Loading World & Settings - 'spawn_nether' - Env: NETHER - Type: NORMAL & seed: 1756504504790818814
2012-10-15 16:49:39 [INFO] [Multiverse-Core] Loading World & Settings - 'spawn_the_end' - Env: THE_END - Type: NORMAL & seed: 1756504504790818814
2012-10-15 16:49:40 [INFO] [Multiverse-Core] 3 - World(s) loaded.
2012-10-15 16:50:27 [INFO] [Multiverse-Core] - Version 2.4-b527 (API v14) Enabled - By Rigby, fernferret, lithium3141 and main--
2012-10-15 16:50:28 [INFO] [Multiverse-Core] Loading World & Settings - 'spawn' - Env: NORMAL - Type: NORMAL & seed: -8439235685105616436
2012-10-15 16:50:28 [INFO] [Multiverse-Core] Loading World & Settings - 'spawn_nether' - Env: NETHER - Type: NORMAL & seed: 1756504504790818814
2012-10-15 16:50:28 [INFO] [Multiverse-Core] Loading World & Settings - 'spawn_the_end' - Env: THE_END - Type: NORMAL & seed: 1756504504790818814
2012-10-15 16:50:28 [INFO] [Multiverse-Core] 3 - World(s) loaded.
2012-10-15 17:01:50 [INFO] [Multiverse-Core] - Version 2.4-b527 (API v14) Enabled - By Rigby, fernferret, lithium3141 and main--
2012-10-15 17:01:51 [INFO] [Multiverse-Core] Loading World & Settings - 'spawn' - Env: NORMAL - Type: NORMAL & seed: -8439235685105616436
2012-10-15 17:01:51 [WARNING] [Multiverse-Core] Spawn location from world.dat file was unsafe. Adjusting...
2012-10-15 17:01:51 [WARNING] [Multiverse-Core] Original Location: X: 0 Y: 64 Z: 0 P: 0 Y: 0 
2012-10-15 17:01:51 [INFO] [Multiverse-Core] New Spawn for 'spawn' is Located at: spawn:1.50,64.00,0.50:0.00:0.00
2012-10-15 17:01:51 [INFO] [Multiverse-Core] Loading World & Settings - 'spawn_nether' - Env: NETHER - Type: NORMAL & seed: 1756504504790818814
2012-10-15 17:01:51 [INFO] [Multiverse-Core] Loading World & Settings - 'spawn_the_end' - Env: THE_END - Type: NORMAL & seed: 1756504504790818814
2012-10-15 17:01:51 [INFO] [Multiverse-Core] 3 - World(s) loaded.
2012-10-15 17:20:31 [INFO] [Multiverse-Core] - Version 2.4-b527 (API v14) Enabled - By Rigby, fernferret, lithium3141 and main--
2012-10-15 17:20:32 [INFO] [Multiverse-Core] Loading World & Settings - 'spawn' - Env: NORMAL - Type: NORMAL & seed: 4431064177836963840
2012-10-15 17:20:32 [WARNING] [Multiverse-Core] Spawn location from world.dat file was unsafe. Adjusting...
2012-10-15 17:20:32 [WARNING] [Multiverse-Core] Original Location: X: -108 Y: 4 Z: -347 P: 0 Y: 0 
2012-10-15 17:20:32 [INFO] [Multiverse-Core] New Spawn for 'spawn' is Located at: spawn:-106.50,4.00,-346.50:0.00:0.00
2012-10-15 17:20:32 [INFO] [Multiverse-Core] Loading World & Settings - 'spawn_nether' - Env: NETHER - Type: NORMAL & seed: 1756504504790818814
2012-10-15 17:20:32 [INFO] [Multiverse-Core] Loading World & Settings - 'spawn_the_end' - Env: THE_END - Type: NORMAL & seed: 1756504504790818814
2012-10-15 17:20:32 [INFO] [Multiverse-Core] 3 - World(s) loaded.
2012-10-15 17:26:21 [INFO] [Multiverse-Core] - Version 2.4-b527 (API v14) Enabled - By Rigby, fernferret, lithium3141 and main--
2012-10-15 17:26:22 [INFO] [Multiverse-Core] Loading World & Settings - 'spawn' - Env: NORMAL - Type: FLAT & seed: 7628864190123613708
2012-10-15 17:26:22 [INFO] [Multiverse-Core] Loading World & Settings - 'spawn_nether' - Env: NETHER - Type: NORMAL & seed: 1756504504790818814
2012-10-15 17:26:23 [INFO] [Multiverse-Core] Loading World & Settings - 'spawn_the_end' - Env: THE_END - Type: NORMAL & seed: 1756504504790818814
2012-10-15 17:26:23 [INFO] [Multiverse-Core] 3 - World(s) loaded.
2012-10-15 19:28:26 [INFO] [Multiverse-Core] - Version 2.4-b527 (API v14) Enabled - By Rigby, fernferret, lithium3141 and main--
2012-10-15 19:28:27 [INFO] [Multiverse-Core] Loading World & Settings - 'spawn' - Env: NORMAL - Type: FLAT & seed: 7628864190123613708
2012-10-15 19:28:28 [INFO] [Multiverse-Core] Loading World & Settings - 'spawn_nether' - Env: NETHER - Type: NORMAL & seed: 1756504504790818814
2012-10-15 19:28:28 [INFO] [Multiverse-Core] Loading World & Settings - 'spawn_the_end' - Env: THE_END - Type: NORMAL & seed: 1756504504790818814
2012-10-15 19:28:28 [INFO] [Multiverse-Core] 3 - World(s) loaded.
2012-10-15 19:35:55 [INFO] [Multiverse-Core] - Version 2.4-b527 (API v14) Enabled - By Rigby, fernferret, lithium3141 and main--
2012-10-15 19:35:56 [INFO] [Multiverse-Core] Loading World & Settings - 'spawn' - Env: NORMAL - Type: FLAT & seed: 7628864190123613708
2012-10-15 19:35:56 [INFO] [Multiverse-Core] Loading World & Settings - 'spawn_nether' - Env: NETHER - Type: NORMAL & seed: 1756504504790818814
2012-10-15 19:35:56 [INFO] [Multiverse-Core] Loading World & Settings - 'spawn_the_end' - Env: THE_END - Type: NORMAL & seed: 1756504504790818814
2012-10-15 19:35:56 [INFO] [Multiverse-Core] 3 - World(s) loaded.
2012-10-16 15:59:50 [INFO] [Multiverse-Core] - Version 2.4-b527 (API v14) Enabled - By Rigby, fernferret, lithium3141 and main--
2012-10-16 15:59:52 [INFO] [Multiverse-Core] Loading World & Settings - 'spawn' - Env: NORMAL - Type: FLAT & seed: 7628864190123613708
2012-10-16 15:59:52 [INFO] [Multiverse-Core] Loading World & Settings - 'spawn_nether' - Env: NETHER - Type: NORMAL & seed: 1756504504790818814
2012-10-16 15:59:52 [INFO] [Multiverse-Core] Loading World & Settings - 'spawn_the_end' - Env: THE_END - Type: NORMAL & seed: 1756504504790818814
2012-10-16 15:59:53 [INFO] [Multiverse-Core] 3 - World(s) loaded.
2012-10-18 18:45:49 [INFO] [Multiverse-Core] - Version 2.4-b527 (API v14) Enabled - By Rigby, fernferret, lithium3141 and main--
2012-10-18 18:45:50 [INFO] [Multiverse-Core] Loading World & Settings - 'spawn' - Env: NORMAL - Type: FLAT & seed: 7628864190123613708
2012-10-18 18:45:50 [INFO] [Multiverse-Core] Loading World & Settings - 'spawn_nether' - Env: NETHER - Type: NORMAL & seed: 1756504504790818814
2012-10-18 18:45:50 [INFO] [Multiverse-Core] Loading World & Settings - 'spawn_the_end' - Env: THE_END - Type: NORMAL & seed: 1756504504790818814
2012-10-18 18:45:50 [INFO] [Multiverse-Core] 3 - World(s) loaded.
2012-10-18 18:52:23 [INFO] [Multiverse-Core] - Version 2.4-b527 (API v14) Enabled - By Rigby, fernferret, lithium3141 and main--
2012-10-18 18:52:25 [INFO] [Multiverse-Core] Loading World & Settings - 'spawn' - Env: NORMAL - Type: FLAT & seed: 7628864190123613708
2012-10-18 18:52:25 [INFO] [Multiverse-Core] Loading World & Settings - 'spawn_nether' - Env: NETHER - Type: NORMAL & seed: 1756504504790818814
2012-10-18 18:52:26 [INFO] [Multiverse-Core] Loading World & Settings - 'spawn_the_end' - Env: THE_END - Type: NORMAL & seed: 1756504504790818814
2012-10-18 18:52:26 [INFO] [Multiverse-Core] 3 - World(s) loaded.
2012-10-18 19:30:31 [INFO] [Multiverse-Core] - Version 2.4-b527 (API v14) Enabled - By Rigby, fernferret, lithium3141 and main--
2012-10-18 19:30:33 [INFO] [Multiverse-Core] Loading World & Settings - 'spawn' - Env: NORMAL - Type: FLAT & seed: 7628864190123613708
2012-10-18 19:30:33 [INFO] [Multiverse-Core] Loading World & Settings - 'spawn_nether' - Env: NETHER - Type: NORMAL & seed: 1756504504790818814
2012-10-18 19:30:33 [INFO] [Multiverse-Core] Loading World & Settings - 'spawn_the_end' - Env: THE_END - Type: NORMAL & seed: 1756504504790818814
2012-10-18 19:30:33 [INFO] [Multiverse-Core] 3 - World(s) loaded.
2012-10-19 10:52:52 [INFO] [Multiverse-Core] - Version 2.4-b527 (API v14) Enabled - By Rigby, fernferret, lithium3141 and main--
2012-10-19 10:52:54 [INFO] [Multiverse-Core] Loading World & Settings - 'spawn' - Env: NORMAL - Type: FLAT & seed: 7628864190123613708
2012-10-19 10:52:55 [INFO] [Multiverse-Core] Loading World & Settings - 'spawn_nether' - Env: NETHER - Type: NORMAL & seed: 1756504504790818814
2012-10-19 10:52:55 [INFO] [Multiverse-Core] Loading World & Settings - 'spawn_the_end' - Env: THE_END - Type: NORMAL & seed: 1756504504790818814
2012-10-19 10:52:55 [INFO] [Multiverse-Core] 3 - World(s) loaded.
2012-10-19 11:25:26 [INFO] [Multiverse-Core] - Version 2.4-b527 (API v14) Enabled - By Rigby, fernferret, lithium3141 and main--
2012-10-19 11:25:27 [INFO] [Multiverse-Core] Loading World & Settings - 'spawn' - Env: NORMAL - Type: FLAT & seed: 7628864190123613708
2012-10-19 11:25:28 [INFO] [Multiverse-Core] Loading World & Settings - 'spawn_nether' - Env: NETHER - Type: NORMAL & seed: 1756504504790818814
2012-10-19 11:25:28 [INFO] [Multiverse-Core] Loading World & Settings - 'spawn_the_end' - Env: THE_END - Type: NORMAL & seed: 1756504504790818814
2012-10-19 11:25:28 [INFO] [Multiverse-Core] 3 - World(s) loaded.
2012-10-19 11:36:52 [INFO] [Multiverse-Core] - Version 2.4-b527 (API v14) Enabled - By Rigby, fernferret, lithium3141 and main--
2012-10-19 11:36:53 [INFO] [Multiverse-Core] Loading World & Settings - 'spawn' - Env: NORMAL - Type: FLAT & seed: 7628864190123613708
2012-10-19 11:36:55 [INFO] [Multiverse-Core] Loading World & Settings - 'spawn_nether' - Env: NETHER - Type: NORMAL & seed: 1756504504790818814
2012-10-19 11:36:55 [INFO] [Multiverse-Core] Loading World & Settings - 'spawn_the_end' - Env: THE_END - Type: NORMAL & seed: 1756504504790818814
2012-10-19 11:36:55 [INFO] [Multiverse-Core] 3 - World(s) loaded.
2012-10-19 11:46:51 [INFO] [Multiverse-Core] - Version 2.4-b527 (API v14) Enabled - By Rigby, fernferret, lithium3141 and main--
2012-10-19 11:46:53 [INFO] [Multiverse-Core] Loading World & Settings - 'spawn' - Env: NORMAL - Type: FLAT & seed: 7628864190123613708
2012-10-19 11:46:53 [INFO] [Multiverse-Core] Loading World & Settings - 'spawn_nether' - Env: NETHER - Type: NORMAL & seed: 1756504504790818814
2012-10-19 11:46:53 [INFO] [Multiverse-Core] Loading World & Settings - 'spawn_the_end' - Env: THE_END - Type: NORMAL & seed: 1756504504790818814
2012-10-19 11:46:53 [INFO] [Multiverse-Core] 3 - World(s) loaded.
2012-10-19 11:55:44 [INFO] [Multiverse-Core] - Version 2.4-b527 (API v14) Enabled - By Rigby, fernferret, lithium3141 and main--
2012-10-19 11:55:45 [INFO] [Multiverse-Core] Loading World & Settings - 'spawn' - Env: NORMAL - Type: FLAT & seed: 7628864190123613708
2012-10-19 11:55:46 [INFO] [Multiverse-Core] Loading World & Settings - 'spawn_nether' - Env: NETHER - Type: NORMAL & seed: 1756504504790818814
2012-10-19 11:55:46 [INFO] [Multiverse-Core] Loading World & Settings - 'spawn_the_end' - Env: THE_END - Type: NORMAL & seed: 1756504504790818814
2012-10-19 11:55:46 [INFO] [Multiverse-Core] 3 - World(s) loaded.
2012-10-19 11:58:23 [INFO] [Multiverse-Core] - Version 2.4-b527 (API v14) Enabled - By Rigby, fernferret, lithium3141 and main--
2012-10-19 11:58:24 [INFO] [Multiverse-Core] Loading World & Settings - 'spawn' - Env: NORMAL - Type: FLAT & seed: 7628864190123613708
2012-10-19 11:58:25 [INFO] [Multiverse-Core] Loading World & Settings - 'spawn_nether' - Env: NETHER - Type: NORMAL & seed: 1756504504790818814
2012-10-19 11:58:25 [INFO] [Multiverse-Core] Loading World & Settings - 'spawn_the_end' - Env: THE_END - Type: NORMAL & seed: 1756504504790818814
2012-10-19 11:58:25 [INFO] [Multiverse-Core] 3 - World(s) loaded.
2012-10-19 12:33:23 [INFO] [Multiverse-Core] - Version 2.4-b527 (API v14) Enabled - By Rigby, fernferret, lithium3141 and main--
2012-10-19 12:33:25 [INFO] [Multiverse-Core] Loading World & Settings - 'spawn' - Env: NORMAL - Type: FLAT & seed: 7628864190123613708
2012-10-19 12:33:25 [INFO] [Multiverse-Core] Loading World & Settings - 'spawn_nether' - Env: NETHER - Type: NORMAL & seed: 1756504504790818814
2012-10-19 12:33:25 [INFO] [Multiverse-Core] Loading World & Settings - 'spawn_the_end' - Env: THE_END - Type: NORMAL & seed: 1756504504790818814
2012-10-19 12:33:25 [INFO] [Multiverse-Core] 3 - World(s) loaded.
2012-10-19 12:45:28 [INFO] [Multiverse-Core] - Version 2.4-b527 (API v14) Enabled - By Rigby, fernferret, lithium3141 and main--
2012-10-19 12:45:31 [INFO] [Multiverse-Core] Loading World & Settings - 'spawn' - Env: NORMAL - Type: FLAT & seed: 7628864190123613708
2012-10-19 12:45:31 [INFO] [Multiverse-Core] Loading World & Settings - 'spawn_nether' - Env: NETHER - Type: NORMAL & seed: 1756504504790818814
2012-10-19 12:45:31 [INFO] [Multiverse-Core] Loading World & Settings - 'spawn_the_end' - Env: THE_END - Type: NORMAL & seed: 1756504504790818814
2012-10-19 12:45:31 [INFO] [Multiverse-Core] 3 - World(s) loaded.
2012-10-19 13:00:10 [INFO] [Multiverse-Core] - Version 2.4-b527 (API v14) Enabled - By Rigby, fernferret, lithium3141 and main--
2012-10-19 13:00:12 [INFO] [Multiverse-Core] Loading World & Settings - 'spawn' - Env: NORMAL - Type: FLAT & seed: 7628864190123613708
2012-10-19 13:00:12 [INFO] [Multiverse-Core] Loading World & Settings - 'spawn_nether' - Env: NETHER - Type: NORMAL & seed: 1756504504790818814
2012-10-19 13:00:12 [INFO] [Multiverse-Core] Loading World & Settings - 'spawn_the_end' - Env: THE_END - Type: NORMAL & seed: 1756504504790818814
2012-10-19 13:00:12 [INFO] [Multiverse-Core] 3 - World(s) loaded.
2012-10-19 13:03:20 [INFO] [Multiverse-Core] - Version 2.4-b527 (API v14) Enabled - By Rigby, fernferret, lithium3141 and main--
2012-10-19 13:03:21 [INFO] [Multiverse-Core] Loading World & Settings - 'spawn' - Env: NORMAL - Type: FLAT & seed: 7628864190123613708
2012-10-19 13:03:21 [INFO] [Multiverse-Core] Loading World & Settings - 'spawn_nether' - Env: NETHER - Type: NORMAL & seed: 1756504504790818814
2012-10-19 13:03:21 [INFO] [Multiverse-Core] Loading World & Settings - 'spawn_the_end' - Env: THE_END - Type: NORMAL & seed: 1756504504790818814
2012-10-19 13:03:21 [INFO] [Multiverse-Core] 3 - World(s) loaded.
2012-10-19 13:10:29 [INFO] [Multiverse-Core] - Version 2.4-b527 (API v14) Enabled - By Rigby, fernferret, lithium3141 and main--
2012-10-19 13:10:30 [INFO] [Multiverse-Core] Loading World & Settings - 'spawn' - Env: NORMAL - Type: FLAT & seed: 7628864190123613708
2012-10-19 13:10:30 [INFO] [Multiverse-Core] Loading World & Settings - 'spawn_nether' - Env: NETHER - Type: NORMAL & seed: 1756504504790818814
2012-10-19 13:10:30 [INFO] [Multiverse-Core] Loading World & Settings - 'spawn_the_end' - Env: THE_END - Type: NORMAL & seed: 1756504504790818814
2012-10-19 13:10:30 [INFO] [Multiverse-Core] 3 - World(s) loaded.
2012-10-19 13:13:47 [INFO] [Multiverse-Core] - Version 2.4-b527 (API v14) Enabled - By Rigby, fernferret, lithium3141 and main--
2012-10-19 13:13:49 [INFO] [Multiverse-Core] Loading World & Settings - 'spawn' - Env: NORMAL - Type: FLAT & seed: 7628864190123613708
2012-10-19 13:13:49 [INFO] [Multiverse-Core] Loading World & Settings - 'spawn_nether' - Env: NETHER - Type: NORMAL & seed: 1756504504790818814
2012-10-19 13:13:49 [INFO] [Multiverse-Core] Loading World & Settings - 'spawn_the_end' - Env: THE_END - Type: NORMAL & seed: 1756504504790818814
2012-10-19 13:13:49 [INFO] [Multiverse-Core] 3 - World(s) loaded.
2012-10-19 13:25:08 [INFO] [Multiverse-Core] - Version 2.4-b527 (API v14) Enabled - By Rigby, fernferret, lithium3141 and main--
2012-10-19 13:25:10 [INFO] [Multiverse-Core] Loading World & Settings - 'spawn' - Env: NORMAL - Type: FLAT & seed: 7628864190123613708
2012-10-19 13:25:10 [INFO] [Multiverse-Core] Loading World & Settings - 'spawn_nether' - Env: NETHER - Type: NORMAL & seed: 1756504504790818814
2012-10-19 13:25:10 [INFO] [Multiverse-Core] Loading World & Settings - 'spawn_the_end' - Env: THE_END - Type: NORMAL & seed: 1756504504790818814
2012-10-19 13:25:10 [INFO] [Multiverse-Core] 3 - World(s) loaded.
2012-10-19 13:27:18 [INFO] [Multiverse-Core] - Version 2.4-b527 (API v14) Enabled - By Rigby, fernferret, lithium3141 and main--
2012-10-19 13:27:19 [INFO] [Multiverse-Core] Loading World & Settings - 'spawn' - Env: NORMAL - Type: FLAT & seed: 7628864190123613708
2012-10-19 13:27:19 [INFO] [Multiverse-Core] Loading World & Settings - 'spawn_nether' - Env: NETHER - Type: NORMAL & seed: 1756504504790818814
2012-10-19 13:27:19 [INFO] [Multiverse-Core] Loading World & Settings - 'spawn_the_end' - Env: THE_END - Type: NORMAL & seed: 1756504504790818814
2012-10-19 13:27:19 [INFO] [Multiverse-Core] 3 - World(s) loaded.
2012-10-19 13:30:11 [INFO] [Multiverse-Core] - Version 2.4-b527 (API v14) Enabled - By Rigby, fernferret, lithium3141 and main--
2012-10-19 13:30:12 [INFO] [Multiverse-Core] Loading World & Settings - 'spawn' - Env: NORMAL - Type: FLAT & seed: 7628864190123613708
2012-10-19 13:30:13 [INFO] [Multiverse-Core] Loading World & Settings - 'spawn_nether' - Env: NETHER - Type: NORMAL & seed: 1756504504790818814
2012-10-19 13:30:13 [INFO] [Multiverse-Core] Loading World & Settings - 'spawn_the_end' - Env: THE_END - Type: NORMAL & seed: 1756504504790818814
2012-10-19 13:30:13 [INFO] [Multiverse-Core] 3 - World(s) loaded.
2012-10-19 13:31:18 [INFO] [Multiverse-Core] - Version 2.4-b527 (API v14) Enabled - By Rigby, fernferret, lithium3141 and main--
2012-10-19 13:31:19 [INFO] [Multiverse-Core] Loading World & Settings - 'spawn' - Env: NORMAL - Type: FLAT & seed: 7628864190123613708
2012-10-19 13:31:19 [INFO] [Multiverse-Core] Loading World & Settings - 'spawn_nether' - Env: NETHER - Type: NORMAL & seed: 1756504504790818814
2012-10-19 13:31:19 [INFO] [Multiverse-Core] Loading World & Settings - 'spawn_the_end' - Env: THE_END - Type: NORMAL & seed: 1756504504790818814
2012-10-19 13:31:19 [INFO] [Multiverse-Core] 3 - World(s) loaded.
2012-10-19 13:35:11 [INFO] [Multiverse-Core] - Version 2.4-b527 (API v14) Enabled - By Rigby, fernferret, lithium3141 and main--
2012-10-19 13:35:12 [INFO] [Multiverse-Core] Loading World & Settings - 'spawn' - Env: NORMAL - Type: FLAT & seed: 7628864190123613708
2012-10-19 13:35:12 [INFO] [Multiverse-Core] Loading World & Settings - 'spawn_nether' - Env: NETHER - Type: NORMAL & seed: 1756504504790818814
2012-10-19 13:35:12 [INFO] [Multiverse-Core] Loading World & Settings - 'spawn_the_end' - Env: THE_END - Type: NORMAL & seed: 1756504504790818814
2012-10-19 13:35:12 [INFO] [Multiverse-Core] 3 - World(s) loaded.
2012-10-19 13:39:03 [INFO] [Multiverse-Core] - Version 2.4-b527 (API v14) Enabled - By Rigby, fernferret, lithium3141 and main--
2012-10-19 13:39:03 [INFO] [Multiverse-Core] Loading World & Settings - 'spawn' - Env: NORMAL - Type: FLAT & seed: 7628864190123613708
2012-10-19 13:39:03 [INFO] [Multiverse-Core] Loading World & Settings - 'spawn_nether' - Env: NETHER - Type: NORMAL & seed: 1756504504790818814
2012-10-19 13:39:03 [INFO] [Multiverse-Core] Loading World & Settings - 'spawn_the_end' - Env: THE_END - Type: NORMAL & seed: 1756504504790818814
2012-10-19 13:39:03 [INFO] [Multiverse-Core] 3 - World(s) loaded.
2012-10-26 13:40:23 [INFO] [Multiverse-Core] - Version 2.4-b527 (API v14) Enabled - By Rigby, fernferret, lithium3141 and main--
2012-10-26 13:40:24 [INFO] [Multiverse-Core] Loading World & Settings - 'spawn' - Env: NORMAL - Type: FLAT & seed: 7628864190123613708
2012-10-26 13:40:24 [INFO] [Multiverse-Core] Loading World & Settings - 'spawn_nether' - Env: NETHER - Type: NORMAL & seed: 1756504504790818814
2012-10-26 13:40:24 [INFO] [Multiverse-Core] Loading World & Settings - 'spawn_the_end' - Env: THE_END - Type: NORMAL & seed: 1756504504790818814
2012-10-26 13:40:24 [INFO] [Multiverse-Core] 3 - World(s) loaded.
2012-10-26 13:50:36 [INFO] [Multiverse-Core] - Version 2.4-b527 (API v14) Enabled - By Rigby, fernferret, lithium3141 and main--
2012-10-26 13:50:37 [INFO] [Multiverse-Core] Loading World & Settings - 'spawn' - Env: NORMAL - Type: FLAT & seed: 7628864190123613708
2012-10-26 13:50:37 [INFO] [Multiverse-Core] Loading World & Settings - 'spawn_nether' - Env: NETHER - Type: NORMAL & seed: 1756504504790818814
2012-10-26 13:50:37 [INFO] [Multiverse-Core] Loading World & Settings - 'spawn_the_end' - Env: THE_END - Type: NORMAL & seed: 1756504504790818814
2012-10-26 13:50:37 [INFO] [Multiverse-Core] 3 - World(s) loaded.
2012-10-26 13:58:50 [INFO] [Multiverse-Core] - Version 2.4-b527 (API v14) Enabled - By Rigby, fernferret, lithium3141 and main--
2012-10-26 13:58:51 [INFO] [Multiverse-Core] Loading World & Settings - 'spawn' - Env: NORMAL - Type: FLAT & seed: 7628864190123613708
2012-10-26 13:58:51 [INFO] [Multiverse-Core] Loading World & Settings - 'spawn_nether' - Env: NETHER - Type: NORMAL & seed: 1756504504790818814
2012-10-26 13:58:51 [INFO] [Multiverse-Core] Loading World & Settings - 'spawn_the_end' - Env: THE_END - Type: NORMAL & seed: 1756504504790818814
2012-10-26 13:58:51 [INFO] [Multiverse-Core] 3 - World(s) loaded.
2012-10-26 14:01:38 [INFO] [Multiverse-Core] Loading World & Settings - 'world' - Env: NORMAL - Type: NORMAL
2012-10-26 14:02:08 [WARNING] [Multiverse-Core] Spawn location from world.dat file was unsafe. Adjusting...
2012-10-26 14:02:08 [WARNING] [Multiverse-Core] Original Location: X: -190 Y: 64 Z: 171 P: 0 Y: 0 
2012-10-26 14:02:08 [INFO] [Multiverse-Core] New Spawn for 'world' is Located at: world:-190.50,66.00,175.50:0.00:0.00
2012-10-26 14:21:07 [WARNING] [Multiverse-Core] Portal stw has an invalid DESTINATION!
2012-10-26 14:42:27 [INFO] [Multiverse-Core] - Version 2.4-b527 (API v14) Enabled - By Rigby, fernferret, lithium3141 and main--
2012-10-26 14:42:27 [INFO] [Multiverse-Core] Loading World & Settings - 'spawn' - Env: NORMAL - Type: FLAT & seed: 7628864190123613708
2012-10-26 14:42:27 [INFO] [Multiverse-Core] Loading World & Settings - 'spawn_the_end' - Env: THE_END - Type: NORMAL & seed: 1756504504790818814
2012-10-26 14:42:27 [INFO] [Multiverse-Core] Loading World & Settings - 'world' - Env: NORMAL - Type: NORMAL & seed: 8240330675198409955
2012-10-26 14:42:33 [INFO] [Multiverse-Core] 3 - World(s) loaded.
2012-10-26 14:44:48 [INFO] [Multiverse-Core] - Version 2.4-b527 (API v14) Enabled - By Rigby, fernferret, lithium3141 and main--
2012-10-26 14:44:48 [INFO] [Multiverse-Core] Loading World & Settings - 'spawn' - Env: NORMAL - Type: FLAT & seed: 7628864190123613708
2012-10-26 14:44:49 [INFO] [Multiverse-Core] Loading World & Settings - 'spawn_the_end' - Env: THE_END - Type: NORMAL & seed: 1756504504790818814
2012-10-26 14:44:49 [INFO] [Multiverse-Core] Loading World & Settings - 'world' - Env: NORMAL - Type: NORMAL & seed: 8240330675198409955
2012-10-26 14:44:51 [INFO] [Multiverse-Core] 3 - World(s) loaded.
2012-10-26 14:47:09 [INFO] [Multiverse-Core] - Version 2.4-b527 (API v14) Enabled - By Rigby, fernferret, lithium3141 and main--
2012-10-26 14:47:10 [INFO] [Multiverse-Core] Loading World & Settings - 'spawn' - Env: NORMAL - Type: FLAT & seed: 7628864190123613708
2012-10-26 14:47:10 [INFO] [Multiverse-Core] Loading World & Settings - 'spawn_the_end' - Env: THE_END - Type: NORMAL & seed: 1756504504790818814
2012-10-26 14:47:10 [INFO] [Multiverse-Core] Loading World & Settings - 'world' - Env: NORMAL - Type: NORMAL & seed: 8240330675198409955
2012-10-26 14:47:12 [INFO] [Multiverse-Core] 3 - World(s) loaded.
2012-10-26 15:27:19 [INFO] [Multiverse-Core] - Version 2.4-b527 (API v14) Enabled - By Rigby, fernferret, lithium3141 and main--
2012-10-26 15:27:20 [INFO] [Multiverse-Core] Loading World & Settings - 'spawn' - Env: NORMAL - Type: FLAT & seed: 7628864190123613708
2012-10-26 15:27:20 [INFO] [Multiverse-Core] Loading World & Settings - 'spawn_the_end' - Env: THE_END - Type: NORMAL & seed: 1756504504790818814
2012-10-26 15:27:20 [INFO] [Multiverse-Core] Loading World & Settings - 'world' - Env: NORMAL - Type: NORMAL & seed: 8240330675198409955
2012-10-26 15:27:22 [INFO] [Multiverse-Core] 3 - World(s) loaded.
2012-10-26 16:32:43 [INFO] [Multiverse-Core] - Version 2.4-b527 (API v14) Enabled - By Rigby, fernferret, lithium3141 and main--
2012-10-26 16:32:43 [INFO] [Multiverse-Core] Loading World & Settings - 'spawn' - Env: NORMAL - Type: FLAT & seed: 7628864190123613708
2012-10-26 16:32:43 [INFO] [Multiverse-Core] Loading World & Settings - 'spawn_the_end' - Env: THE_END - Type: NORMAL & seed: 1756504504790818814
2012-10-26 16:32:44 [INFO] [Multiverse-Core] Loading World & Settings - 'world' - Env: NORMAL - Type: NORMAL & seed: 8240330675198409955
2012-10-26 16:32:47 [INFO] [Multiverse-Core] 3 - World(s) loaded.
2012-10-26 21:10:29 [INFO] [Multiverse-Core] - Version 2.4-b527 (API v14) Enabled - By Rigby, fernferret, lithium3141 and main--
2012-10-26 21:10:29 [INFO] [Multiverse-Core] Loading World & Settings - 'spawn' - Env: NORMAL - Type: FLAT & seed: 7628864190123613708
2012-10-26 21:10:29 [INFO] [Multiverse-Core] Loading World & Settings - 'spawn_the_end' - Env: THE_END - Type: NORMAL & seed: 1756504504790818814
2012-10-26 21:10:29 [INFO] [Multiverse-Core] Loading World & Settings - 'world' - Env: NORMAL - Type: NORMAL & seed: 8240330675198409955
2012-10-26 21:10:32 [INFO] [Multiverse-Core] 3 - World(s) loaded.
2012-10-26 21:25:31 [INFO] [Multiverse-Core] - Version 2.4-b527 (API v14) Enabled - By Rigby, fernferret, lithium3141 and main--
2012-10-26 21:25:31 [INFO] [Multiverse-Core] Loading World & Settings - 'spawn' - Env: NORMAL - Type: FLAT & seed: 7628864190123613708
2012-10-26 21:25:31 [INFO] [Multiverse-Core] Loading World & Settings - 'spawn_the_end' - Env: THE_END - Type: NORMAL & seed: 1756504504790818814
2012-10-26 21:25:31 [INFO] [Multiverse-Core] Loading World & Settings - 'world' - Env: NORMAL - Type: NORMAL & seed: 8240330675198409955
2012-10-26 21:25:34 [INFO] [Multiverse-Core] 3 - World(s) loaded.
2012-10-27 08:44:20 [INFO] [Multiverse-Core] - Version 2.4-b527 (API v14) Enabled - By Rigby, fernferret, lithium3141 and main--
2012-10-27 08:44:20 [INFO] [Multiverse-Core] Loading World & Settings - 'spawn' - Env: NORMAL - Type: FLAT & seed: 7628864190123613708
2012-10-27 08:44:20 [INFO] [Multiverse-Core] Loading World & Settings - 'spawn_the_end' - Env: THE_END - Type: NORMAL & seed: 1756504504790818814
2012-10-27 08:44:20 [INFO] [Multiverse-Core] Loading World & Settings - 'world' - Env: NORMAL - Type: NORMAL & seed: 8240330675198409955
2012-10-27 08:44:23 [INFO] [Multiverse-Core] 3 - World(s) loaded.
2012-10-27 10:39:39 [INFO] [Multiverse-Core] - Version 2.4-b527 (API v14) Enabled - By Rigby, fernferret, lithium3141 and main--
2012-10-27 10:39:40 [INFO] [Multiverse-Core] Loading World & Settings - 'spawn' - Env: NORMAL - Type: FLAT & seed: 7628864190123613708
2012-10-27 10:39:41 [INFO] [Multiverse-Core] Loading World & Settings - 'spawn_the_end' - Env: THE_END - Type: NORMAL & seed: 1756504504790818814
2012-10-27 10:39:41 [INFO] [Multiverse-Core] Loading World & Settings - 'world' - Env: NORMAL - Type: NORMAL & seed: 8240330675198409955
2012-10-27 10:39:43 [INFO] [Multiverse-Core] 3 - World(s) loaded.
2012-10-27 10:43:50 [INFO] [Multiverse-Core] - Version 2.4-b527 (API v14) Enabled - By Rigby, fernferret, lithium3141 and main--
2012-10-27 10:43:50 [INFO] [Multiverse-Core] Loading World & Settings - 'spawn' - Env: NORMAL - Type: FLAT & seed: 7628864190123613708
2012-10-27 10:43:50 [INFO] [Multiverse-Core] Loading World & Settings - 'spawn_the_end' - Env: THE_END - Type: NORMAL & seed: 1756504504790818814
2012-10-27 10:43:50 [INFO] [Multiverse-Core] Loading World & Settings - 'world' - Env: NORMAL - Type: NORMAL & seed: 8240330675198409955
2012-10-27 10:43:53 [INFO] [Multiverse-Core] 3 - World(s) loaded.
2012-10-27 10:54:46 [INFO] [Multiverse-Core] Loading World & Settings - 'world_nether' - Env: NETHER - Type: NORMAL
2012-10-27 10:55:12 [WARNING] [Multiverse-Core] Spawn location from world.dat file was unsafe. Adjusting...
2012-10-27 10:55:12 [WARNING] [Multiverse-Core] Original Location: X: 0 Y: 64 Z: 0 P: 0 Y: 0 
2012-10-27 10:55:12 [INFO] [Multiverse-Core] New Spawn for 'world_nether' is Located at: world_nether:0.00,77.00,0.00:0.00:0.00
2012-10-27 10:55:33 [INFO] [Multiverse-Core] Multiverse does not know about spawn_end and it's not loaded by Bukkit.
2012-10-27 10:55:49 [WARNING] [Multiverse-Core] World 'spawn_the_end' could not be unloaded. Is it a default world?
2012-10-27 10:55:57 [WARNING] [Multiverse-Core] World 'spawn_the_end' could not be unloaded. Is it a default world?
2012-10-27 14:19:57 [INFO] [Multiverse-Core] - Version 2.4-b527 (API v14) Enabled - By Rigby, fernferret, lithium3141 and main--
2012-10-27 14:19:57 [INFO] [Multiverse-Core] Loading World & Settings - 'spawn' - Env: NORMAL - Type: FLAT & seed: 7628864190123613708
2012-10-27 14:19:58 [INFO] [Multiverse-Core] Loading World & Settings - 'spawn_the_end' - Env: THE_END - Type: NORMAL & seed: 1756504504790818814
2012-10-27 14:19:58 [INFO] [Multiverse-Core] Loading World & Settings - 'world' - Env: NORMAL - Type: NORMAL & seed: 8240330675198409955
2012-10-27 14:19:58 [INFO] [Multiverse-Core] Loading World & Settings - 'world_nether' - Env: NETHER - Type: NORMAL & seed: 8045736374362349401
2012-10-27 14:19:58 [INFO] [Multiverse-Core] 4 - World(s) loaded.
2012-10-27 18:19:36 [INFO] [Multiverse-Core] - Version 2.4-b527 (API v14) Enabled - By Rigby, fernferret, lithium3141 and main--
2012-10-27 18:19:36 [INFO] [Multiverse-Core] Loading World & Settings - 'spawn' - Env: NORMAL - Type: FLAT & seed: 7628864190123613708
2012-10-27 18:19:36 [INFO] [Multiverse-Core] Loading World & Settings - 'spawn_the_end' - Env: THE_END - Type: NORMAL & seed: 1756504504790818814
2012-10-27 18:19:36 [INFO] [Multiverse-Core] Loading World & Settings - 'world' - Env: NORMAL - Type: NORMAL & seed: 8240330675198409955
2012-10-27 18:19:39 [INFO] [Multiverse-Core] Loading World & Settings - 'world_nether' - Env: NETHER - Type: NORMAL & seed: 8045736374362349401
2012-10-27 18:19:41 [INFO] [Multiverse-Core] 4 - World(s) loaded.
2012-10-27 18:24:01 [INFO] [Multiverse-Core] - Version 2.4-b527 (API v14) Enabled - By Rigby, fernferret, lithium3141 and main--
2012-10-27 18:28:29 [INFO] [Multiverse-Core] - Version 2.4-b527 (API v14) Enabled - By Rigby, fernferret, lithium3141 and main--
2012-10-27 18:28:30 [INFO] [Multiverse-Core] Loading World & Settings - 'spawn' - Env: NORMAL - Type: FLAT & seed: 7628864190123613708
2012-10-27 18:28:30 [INFO] [Multiverse-Core] Loading World & Settings - 'spawn_the_end' - Env: THE_END - Type: NORMAL & seed: 1756504504790818814
2012-10-27 18:28:30 [INFO] [Multiverse-Core] Loading World & Settings - 'world' - Env: NORMAL - Type: NORMAL & seed: 8240330675198409955
2012-10-27 18:28:32 [INFO] [Multiverse-Core] Loading World & Settings - 'world_nether' - Env: NETHER - Type: NORMAL & seed: 8045736374362349401
2012-10-27 18:28:34 [INFO] [Multiverse-Core] 4 - World(s) loaded.
2012-10-27 18:32:52 [INFO] [Multiverse-Core] - Version 2.4-b527 (API v14) Enabled - By Rigby, fernferret, lithium3141 and main--
2012-10-27 18:32:52 [INFO] [Multiverse-Core] Loading World & Settings - 'spawn' - Env: NORMAL - Type: FLAT & seed: 7628864190123613708
2012-10-27 18:32:52 [INFO] [Multiverse-Core] Loading World & Settings - 'spawn_the_end' - Env: THE_END - Type: NORMAL & seed: 1756504504790818814
2012-10-27 18:32:52 [INFO] [Multiverse-Core] Loading World & Settings - 'world' - Env: NORMAL - Type: NORMAL & seed: 8240330675198409955
2012-10-27 18:32:52 [INFO] [Multiverse-Core] Loading World & Settings - 'world_nether' - Env: NETHER - Type: NORMAL & seed: 8045736374362349401
2012-10-27 18:32:52 [INFO] [Multiverse-Core] 4 - World(s) loaded.
2012-10-27 18:35:08 [INFO] [Multiverse-Core] - Version 2.4-b527 (API v14) Enabled - By Rigby, fernferret, lithium3141 and main--
2012-10-27 18:35:08 [INFO] [Multiverse-Core] Loading World & Settings - 'spawn' - Env: NORMAL - Type: FLAT & seed: 7628864190123613708
2012-10-27 18:35:08 [INFO] [Multiverse-Core] Loading World & Settings - 'spawn_the_end' - Env: THE_END - Type: NORMAL & seed: 1756504504790818814
2012-10-27 18:35:08 [INFO] [Multiverse-Core] Loading World & Settings - 'world' - Env: NORMAL - Type: NORMAL & seed: 8240330675198409955
2012-10-27 18:35:09 [INFO] [Multiverse-Core] Loading World & Settings - 'world_nether' - Env: NETHER - Type: NORMAL & seed: 8045736374362349401
2012-10-27 18:35:09 [INFO] [Multiverse-Core] 4 - World(s) loaded.
2012-10-27 18:36:12 [INFO] [Multiverse-Core] - Version 2.4-b527 (API v14) Enabled - By Rigby, fernferret, lithium3141 and main--
2012-10-27 18:36:13 [INFO] [Multiverse-Core] Loading World & Settings - 'spawn' - Env: NORMAL - Type: FLAT & seed: 7628864190123613708
2012-10-27 18:36:13 [INFO] [Multiverse-Core] Loading World & Settings - 'spawn_the_end' - Env: THE_END - Type: NORMAL & seed: 1756504504790818814
2012-10-27 18:36:13 [INFO] [Multiverse-Core] Loading World & Settings - 'world' - Env: NORMAL - Type: NORMAL & seed: 8240330675198409955
2012-10-27 18:36:13 [INFO] [Multiverse-Core] Loading World & Settings - 'world_nether' - Env: NETHER - Type: NORMAL & seed: 8045736374362349401
2012-10-27 18:36:13 [INFO] [Multiverse-Core] 4 - World(s) loaded.
2012-10-27 18:36:57 [INFO] [Multiverse-Core] - Version 2.4-b527 (API v14) Enabled - By Rigby, fernferret, lithium3141 and main--
2012-10-27 18:36:58 [INFO] [Multiverse-Core] Loading World & Settings - 'spawn' - Env: NORMAL - Type: FLAT & seed: 7628864190123613708
2012-10-27 18:36:58 [INFO] [Multiverse-Core] Loading World & Settings - 'spawn_the_end' - Env: THE_END - Type: NORMAL & seed: 1756504504790818814
2012-10-27 18:36:58 [INFO] [Multiverse-Core] Loading World & Settings - 'world' - Env: NORMAL - Type: NORMAL & seed: 8240330675198409955
2012-10-27 18:36:58 [INFO] [Multiverse-Core] Loading World & Settings - 'world_nether' - Env: NETHER - Type: NORMAL & seed: 8045736374362349401
2012-10-27 18:36:58 [INFO] [Multiverse-Core] 4 - World(s) loaded.
2012-10-27 18:42:02 [INFO] [Multiverse-Core] - Version 2.4-b527 (API v14) Enabled - By Rigby, fernferret, lithium3141 and main--
2012-10-27 18:42:02 [INFO] [Multiverse-Core] Loading World & Settings - 'spawn' - Env: NORMAL - Type: FLAT & seed: 7628864190123613708
2012-10-27 18:42:02 [INFO] [Multiverse-Core] Loading World & Settings - 'spawn_the_end' - Env: THE_END - Type: NORMAL & seed: 1756504504790818814
2012-10-27 18:42:02 [INFO] [Multiverse-Core] Loading World & Settings - 'world' - Env: NORMAL - Type: NORMAL & seed: 8240330675198409955
2012-10-27 18:42:02 [INFO] [Multiverse-Core] Loading World & Settings - 'world_nether' - Env: NETHER - Type: NORMAL & seed: 8045736374362349401
2012-10-27 18:42:02 [INFO] [Multiverse-Core] 4 - World(s) loaded.
2012-10-27 18:55:37 [INFO] [Multiverse-Core] - Version 2.4-b527 (API v14) Enabled - By Rigby, fernferret, lithium3141 and main--
2012-10-27 18:55:38 [INFO] [Multiverse-Core] Loading World & Settings - 'spawn' - Env: NORMAL - Type: FLAT & seed: 7628864190123613708
2012-10-27 18:55:38 [INFO] [Multiverse-Core] Loading World & Settings - 'spawn_the_end' - Env: THE_END - Type: NORMAL & seed: 1756504504790818814
2012-10-27 18:55:38 [INFO] [Multiverse-Core] Loading World & Settings - 'world' - Env: NORMAL - Type: NORMAL & seed: 8240330675198409955
2012-10-27 18:55:38 [INFO] [Multiverse-Core] Loading World & Settings - 'world_nether' - Env: NETHER - Type: NORMAL & seed: 8045736374362349401
2012-10-27 18:55:38 [INFO] [Multiverse-Core] 4 - World(s) loaded.
2012-10-27 21:04:01 [INFO] [Multiverse-Core] - Version 2.4-b527 (API v14) Enabled - By Rigby, fernferret, lithium3141 and main--
2012-10-27 21:04:02 [INFO] [Multiverse-Core] Loading World & Settings - 'spawn' - Env: NORMAL - Type: FLAT & seed: 7628864190123613708
2012-10-27 21:04:02 [INFO] [Multiverse-Core] Loading World & Settings - 'spawn_the_end' - Env: THE_END - Type: NORMAL & seed: 1756504504790818814
2012-10-27 21:04:02 [INFO] [Multiverse-Core] Loading World & Settings - 'world' - Env: NORMAL - Type: NORMAL & seed: 8240330675198409955
2012-10-27 21:04:02 [INFO] [Multiverse-Core] Loading World & Settings - 'world_nether' - Env: NETHER - Type: NORMAL & seed: 8045736374362349401
2012-10-27 21:04:02 [INFO] [Multiverse-Core] 4 - World(s) loaded.
